<?xml version="1.0" encoding="UTF-8"?>
<testsuite name="com.grupo04.culturarte.CulturarteApi3ApplicationTests" tests="1" skipped="0" failures="0" errors="0" timestamp="2023-07-04T19:07:37" hostname="ALENOVO" time="0.889">
  <properties/>
  <testcase name="contextLoads()" classname="com.grupo04.culturarte.CulturarteApi3ApplicationTests" time="0.889"/>
  <system-out><![CDATA[13:07:25.124 [Test worker] INFO org.springframework.test.context.support.AnnotationConfigContextLoaderUtils -- Could not detect default configuration classes for test class [com.grupo04.culturarte.CulturarteApi3ApplicationTests]: CulturarteApi3ApplicationTests does not declare any static, non-private, non-final, nested classes annotated with @Configuration.
13:07:25.310 [Test worker] INFO org.springframework.boot.test.context.SpringBootTestContextBootstrapper -- Found @SpringBootConfiguration com.grupo04.culturarte.CulturarteApi3Application for test class com.grupo04.culturarte.CulturarteApi3ApplicationTests

  .   ____          _            __ _ _
 /\\ / ___'_ __ _ _(_)_ __  __ _ \ \ \ \
( ( )\___ | '_ | '_| | '_ \/ _` | \ \ \ \
 \\/  ___)| |_)| | | | | || (_| |  ) ) ) )
  '  |____| .__|_| |_|_| |_\__, | / / / /
 =========|_|==============|___/=/_/_/_/
 :: Spring Boot ::                (v3.1.1)

2023-07-04T13:07:26.084-06:00  INFO 10824 --- [    Test worker] c.g.c.CulturarteApi3ApplicationTests     : Starting CulturarteApi3ApplicationTests using Java 17.0.7 with PID 10824 (started by alema in C:\Users\alema\OneDrive\Documentos\workspace-spring-tool-suite-4-4.18.0.RELEASE\CulturarteAPI3)
2023-07-04T13:07:26.088-06:00  INFO 10824 --- [    Test worker] c.g.c.CulturarteApi3ApplicationTests     : No active profile set, falling back to 1 default profile: "default"
2023-07-04T13:07:27.466-06:00  INFO 10824 --- [    Test worker] .s.d.r.c.RepositoryConfigurationDelegate : Bootstrapping Spring Data JPA repositories in DEFAULT mode.
2023-07-04T13:07:27.700-06:00  INFO 10824 --- [    Test worker] .s.d.r.c.RepositoryConfigurationDelegate : Finished Spring Data repository scanning in 214 ms. Found 15 JPA repository interfaces.
2023-07-04T13:07:28.699-06:00  INFO 10824 --- [    Test worker] com.zaxxer.hikari.HikariDataSource       : HikariPool-1 - Starting...
2023-07-04T13:07:30.459-06:00  INFO 10824 --- [    Test worker] com.zaxxer.hikari.pool.HikariPool        : HikariPool-1 - Added connection org.postgresql.jdbc.PgConnection@5939e24
2023-07-04T13:07:30.459-06:00  INFO 10824 --- [    Test worker] com.zaxxer.hikari.HikariDataSource       : HikariPool-1 - Start completed.
2023-07-04T13:07:30.529-06:00  INFO 10824 --- [    Test worker] o.hibernate.jpa.internal.util.LogHelper  : HHH000204: Processing PersistenceUnitInfo [name: default]
2023-07-04T13:07:30.633-06:00  INFO 10824 --- [    Test worker] org.hibernate.Version                    : HHH000412: Hibernate ORM core version 6.2.5.Final
2023-07-04T13:07:30.649-06:00  INFO 10824 --- [    Test worker] org.hibernate.cfg.Environment            : HHH000406: Using bytecode reflection optimizer
2023-07-04T13:07:30.950-06:00  INFO 10824 --- [    Test worker] o.h.b.i.BytecodeProviderInitiator        : HHH000021: Bytecode provider name : bytebuddy
2023-07-04T13:07:31.205-06:00  INFO 10824 --- [    Test worker] o.s.o.j.p.SpringPersistenceUnitInfo      : No LoadTimeWeaver setup: ignoring JPA class transformer
2023-07-04T13:07:32.340-06:00  INFO 10824 --- [    Test worker] o.h.b.i.BytecodeProviderInitiator        : HHH000021: Bytecode provider name : bytebuddy
2023-07-04T13:07:33.752-06:00  INFO 10824 --- [    Test worker] o.h.e.t.j.p.i.JtaPlatformInitiator       : HHH000490: Using JtaPlatform implementation: [org.hibernate.engine.transaction.jta.platform.internal.NoJtaPlatform]
2023-07-04T13:07:33.764-06:00  INFO 10824 --- [    Test worker] j.LocalContainerEntityManagerFactoryBean : Initialized JPA EntityManagerFactory for persistence unit 'default'
2023-07-04T13:07:35.679-06:00  WARN 10824 --- [    Test worker] JpaBaseConfiguration$JpaWebConfiguration : spring.jpa.open-in-view is enabled by default. Therefore, database queries may be performed during view rendering. Explicitly configure spring.jpa.open-in-view to disable this warning
2023-07-04T13:07:36.569-06:00  INFO 10824 --- [    Test worker] o.s.s.web.DefaultSecurityFilterChain     : Will secure any request with [org.springframework.security.web.session.DisableEncodeUrlFilter@6a2b6031, org.springframework.security.web.context.request.async.WebAsyncManagerIntegrationFilter@2e4262d2, org.springframework.security.web.context.SecurityContextHolderFilter@4fe8ac61, org.springframework.security.web.header.HeaderWriterFilter@6a5a99d9, org.springframework.web.filter.CorsFilter@546ca9da, org.springframework.security.web.authentication.logout.LogoutFilter@2f1b8770, com.grupo04.culturarte.utils.JWTTokenFilter@1964ef9, org.springframework.security.web.authentication.www.BasicAuthenticationFilter@59f56892, org.springframework.security.web.savedrequest.RequestCacheAwareFilter@4795876e, org.springframework.security.web.servletapi.SecurityContextHolderAwareRequestFilter@2bc21edd, org.springframework.security.web.authentication.AnonymousAuthenticationFilter@257e8c43, org.springframework.security.web.session.SessionManagementFilter@6a486afb, org.springframework.security.web.access.ExceptionTranslationFilter@1407b93f, org.springframework.security.web.access.intercept.AuthorizationFilter@2c3d1214]
2023-07-04T13:07:37.617-06:00  INFO 10824 --- [    Test worker] c.g.c.CulturarteApi3ApplicationTests     : Started CulturarteApi3ApplicationTests in 11.989 seconds (process running for 13.982)
]]></system-out>
  <system-err><![CDATA[]]></system-err>
</testsuite>
